Using pre-set license

 COMMAND LINE ARGUMENTS:
/Users/yuma/Unity/2020.3.3f1/Unity.app/Contents/MacOS/Unity
-adb2
-batchMode
-noUpm
-name
AssetImportWorker0
-projectPath
/Users/yuma/Unity/yunama/yunama2
-logFile
Logs/AssetImportWorker0.log
-srvPort
57068
Successfully changed project path to: /Users/yuma/Unity/yunama/yunama2
/Users/yuma/Unity/yunama/yunama2
Using Asset Import Pipeline V2.
Refreshing native plugins compatible for Editor in 43.55 ms, found 2 plugins.
Preloading 0 native plugins for Editor in 0.00 ms.
Initialize engine version: 2020.3.3f1 (76626098c1c4)
[Subsystems] Discovering subsystems at path /Users/yuma/Unity/2020.3.3f1/Unity.app/Contents/Resources/UnitySubsystems
[Subsystems] Discovering subsystems at path /Users/yuma/Unity/yunama/yunama2/Assets
GfxDevice: creating device client; threaded=0
2021-05-03 12:31:07.518 Unity[89370:5192178] VG279QM preferred device: AMD Radeon Pro 5300M (high power)
2021-05-03 12:31:07.518 Unity[89370:5192178] Metal devices available: 2
2021-05-03 12:31:07.518 Unity[89370:5192178] 0: AMD Radeon Pro 5300M (high power)
2021-05-03 12:31:07.518 Unity[89370:5192178] 1: Intel(R) UHD Graphics 630 (low power)
2021-05-03 12:31:07.519 Unity[89370:5192178] Using device AMD Radeon Pro 5300M (high power)
Initializing Metal device caps: AMD Radeon Pro 5300M
Initialize mono
Mono path[0] = '/Users/yuma/Unity/2020.3.3f1/Unity.app/Contents/Managed'
Mono path[1] = '/Users/yuma/Unity/2020.3.3f1/Unity.app/Contents/MonoBleedingEdge/lib/mono/unityjit'
Mono config path = '/Users/yuma/Unity/2020.3.3f1/Unity.app/Contents/MonoBleedingEdge/etc'
Using monoOptions --debugger-agent=transport=dt_socket,embedding=1,server=y,suspend=n,address=127.0.0.1:56370
Begin MonoManager ReloadAssembly
Registering precompiled unity dll's ...
Register platform support module: /Users/yuma/Unity/2020.3.3f1/Unity.app/Contents/PlaybackEngines/MacStandaloneSupport/UnityEditor.OSXStandalone.Extensions.dll
Register platform support module: /Users/yuma/Unity/2020.3.3f1/PlaybackEngines/WindowsStandaloneSupport/UnityEditor.WindowsStandalone.Extensions.dll
Registered in 0.002185 seconds.
Native extension for WindowsStandalone target not found
Native extension for OSXStandalone target not found
Refreshing native plugins compatible for Editor in 31.59 ms, found 2 plugins.
Preloading 0 native plugins for Editor in 0.00 ms.
Invoked RoslynAnalysisRunner static constructor.
RoslynAnalysisRunner will not be running.
RoslynAnalysisRunner has terminated.
Mono: successfully reloaded assembly
- Completed reload, in  1.789 seconds
Platform modules already initialized, skipping
Registering precompiled user dll's ...
Registered in 0.001259 seconds.
Begin MonoManager ReloadAssembly
Native extension for WindowsStandalone target not found
Native extension for OSXStandalone target not found
Refreshing native plugins compatible for Editor in 32.14 ms, found 2 plugins.
Preloading 0 native plugins for Editor in 0.00 ms.
Invoked RoslynAnalysisRunner static constructor.
RoslynAnalysisRunner will not be running.
RoslynAnalysisRunner has terminated.
Mono: successfully reloaded assembly
- Completed reload, in  1.045 seconds
Platform modules already initialized, skipping
========================================================================
Worker process is ready to serve import requests
Launching external process: /Users/yuma/Unity/2020.3.3f1/Unity.app/Contents/Tools/UnityShaderCompiler
Launched and connected shader compiler UnityShaderCompiler after 0.02 seconds
Refreshing native plugins compatible for Editor in 0.38 ms, found 2 plugins.
Preloading 0 native plugins for Editor in 0.00 ms.
Unloading 1816 Unused Serialized files (Serialized files now loaded: 0)
System memory in use before: 159.3 MB.
System memory in use after: 159.2 MB.

Unloading 24 unused Assets to reduce memory usage. Loaded Objects now: 2274.
Total: 2.758294 ms (FindLiveObjects: 0.376674 ms CreateObjectMapping: 0.132632 ms MarkObjects: 2.070105 ms  DeleteObjects: 0.177148 ms)

========================================================================
Received Import Request.
  path: Assets/Prefabs/Yuusha.prefab
  artifactKey: Guid(3ba7c17ab22614c49b3773d6bf8ff812) Importer(815301076,1909f56bfc062723c751e8b465ee728b)
Start importing Assets/Prefabs/Yuusha.prefab using Guid(3ba7c17ab22614c49b3773d6bf8ff812) Importer(815301076,1909f56bfc062723c751e8b465ee728b)  -> (artifact id: '3830b09a5cbddd1918e8a4e436ec2673') in 1.093494 seconds
  Import took 1.096904 seconds .

========================================================================
Received Import Request.
  Time since last request: 0.000264 seconds.
  path: Assets/Prefabs/Creature.prefab
  artifactKey: Guid(bcb0639ae56cb484e87a549faeb7dd41) Importer(815301076,1909f56bfc062723c751e8b465ee728b)
Start importing Assets/Prefabs/Creature.prefab using Guid(bcb0639ae56cb484e87a549faeb7dd41) Importer(815301076,1909f56bfc062723c751e8b465ee728b)  -> (artifact id: 'a9a679866a9b17e103ac6325b3e7a4f5') in 0.021186 seconds
  Import took 0.024403 seconds .

========================================================================
Received Prepare
Registering precompiled user dll's ...
Registered in 0.000636 seconds.
Begin MonoManager ReloadAssembly
Native extension for WindowsStandalone target not found
Native extension for OSXStandalone target not found
Refreshing native plugins compatible for Editor in 0.32 ms, found 2 plugins.
Preloading 0 native plugins for Editor in 0.00 ms.
Invoked RoslynAnalysisRunner static constructor.
RoslynAnalysisRunner will not be running.
RoslynAnalysisRunner has terminated.
Mono: successfully reloaded assembly
- Completed reload, in  0.957 seconds
Platform modules already initialized, skipping
Switching build target platform(2) subTarget(0) extendedPlatform(0) -> platform(9) subTarget(16777218) extendedPlatform(0)
Refreshing native plugins compatible for Editor in 0.37 ms, found 2 plugins.
Preloading 0 native plugins for Editor in 0.00 ms.
Unloading 1814 Unused Serialized files (Serialized files now loaded: 0)
System memory in use before: 166.8 MB.
System memory in use after: 166.8 MB.

Unloading 12 unused Assets to reduce memory usage. Loaded Objects now: 2285.
Total: 2.154990 ms (FindLiveObjects: 0.251024 ms CreateObjectMapping: 0.100568 ms MarkObjects: 1.699919 ms  DeleteObjects: 0.102548 ms)

AssetImportParameters requested are different than current active one (requested -> active):
  custom:graphics/normal-map-encoding: 01000000000000000000000000000000 -> 02000000000000000000000000000000
========================================================================
Received Import Request.
  Time since last request: 82.128772 seconds.
  path: Assets/Prefabs/Enemy.prefab
  artifactKey: Guid(17378ed6a20cb42d29ed6bedfa36b452) Importer(815301076,1909f56bfc062723c751e8b465ee728b)
Start importing Assets/Prefabs/Enemy.prefab using Guid(17378ed6a20cb42d29ed6bedfa36b452) Importer(815301076,1909f56bfc062723c751e8b465ee728b)  -> (artifact id: 'eddf224ce2bacb78c9c3bef71716a49e') in 0.076713 seconds
  Import took 0.080376 seconds .

AssetImportWorkerClient::OnTransportError - code=2 error=End of file
